DEBUG     Checking PHPLS_ALLOW_XDEBUG
DEBUG     The xdebug extension is not loaded

[Info  - 2:31:49 PM] 5125 files total
[Info  - 2:31:49 PM] Indexing project for definitions and static references
Parsing file:///home/geek/docker/laravel/myCompany/app/config/session.php
Parsing file:///home/geek/docker/laravel/myCompany/app/config/app.php
Parsing file:///home/geek/docker/laravel/myCompany/app/config/services.php
Parsing file:///home/geek/docker/laravel/myCompany/app/config/cache.php
Parsing file:///home/geek/docker/laravel/myCompany/app/config/mail.php
Parsing file:///home/geek/docker/laravel/myCompany/app/config/filesystems.php
Parsing file:///home/geek/docker/laravel/myCompany/app/config/queue.php
Parsing file:///home/geek/docker/laravel/myCompany/app/config/view.php
Parsing file:///home/geek/docker/laravel/myCompany/app/config/broadcasting.php
Parsing file:///home/geek/docker/laravel/myCompany/app/config/auth.php
Parsing file:///home/geek/docker/laravel/myCompany/app/config/database.php
Parsing file:///home/geek/docker/laravel/myCompany/app/app/Http/Middleware/EncryptCookies.php
Parsing file:///home/geek/docker/laravel/myCompany/app/app/Http/Middleware/TrustProxies.php
Parsing file:///home/geek/docker/laravel/myCompany/app/app/Http/Middleware/TrimStrings.php
Parsing file:///home/geek/docker/laravel/myCompany/app/app/Http/Middleware/VerifyCsrfToken.php
Parsing file:///home/geek/docker/laravel/myCompany/app/app/Http/Middleware/RedirectIfAuthenticated.php
Parsing file:///home/geek/docker/laravel/myCompany/app/app/Http/Controllers/HomeController.php
Parsing file:///home/geek/docker/laravel/myCompany/app/app/Http/Controllers/Controller.php
Parsing file:///home/geek/docker/laravel/myCompany/app/app/Http/Controllers/Auth/RegisterController.php
Parsing file:///home/geek/docker/laravel/myCompany/app/app/Http/Controllers/Auth/LoginController.php
Parsing file:///home/geek/docker/laravel/myCompany/app/app/Http/Controllers/Auth/ForgotPasswordController.php
Parsing file:///home/geek/docker/laravel/myCompany/app/app/Http/Controllers/Auth/ResetPasswordController.php
Parsing file:///home/geek/docker/laravel/myCompany/app/app/Http/Kernel.php
Parsing file:///home/geek/docker/laravel/myCompany/app/app/Exceptions/Handler.php
Parsing file:///home/geek/docker/laravel/myCompany/app/app/Console/Kernel.php
Parsing file:///home/geek/docker/laravel/myCompany/app/app/User.php
Parsing file:///home/geek/docker/laravel/myCompany/app/app/Providers/BroadcastServiceProvider.php
Parsing file:///home/geek/docker/laravel/myCompany/app/app/Providers/AppServiceProvider.php
Parsing file:///home/geek/docker/laravel/myCompany/app/app/Providers/EventServiceProvider.php
Parsing file:///home/geek/docker/laravel/myCompany/app/app/Providers/AuthServiceProvider.php
Parsing file:///home/geek/docker/laravel/myCompany/app/app/Providers/RouteServiceProvider.php
Parsing file:///home/geek/docker/laravel/myCompany/app/bootstrap/app.php
Parsing file:///home/geek/docker/laravel/myCompany/app/bootstrap/cache/packages.php
Parsing file:///home/geek/docker/laravel/myCompany/app/bootstrap/cache/services.php
Parsing file:///home/geek/docker/laravel/myCompany/app/public/index.php
Parsing file:///home/geek/docker/laravel/myCompany/app/resources/views/home.blade.php
Parsing file:///home/geek/docker/laravel/myCompany/app/resources/views/auth/login.blade.php
Parsing file:///home/geek/docker/laravel/myCompany/app/resources/views/auth/passwords/reset.blade.php
Parsing file:///home/geek/docker/laravel/myCompany/app/resources/views/auth/passwords/email.blade.php
Parsing file:///home/geek/docker/laravel/myCompany/app/resources/views/auth/register.blade.php
Parsing file:///home/geek/docker/laravel/myCompany/app/resources/views/welcome.blade.php
Parsing file:///home/geek/docker/laravel/myCompany/app/resources/views/layouts/app.blade.php
Parsing file:///home/geek/docker/laravel/myCompany/app/resources/lang/en/pagination.php
Parsing file:///home/geek/docker/laravel/myCompany/app/resources/lang/en/validation.php
Parsing file:///home/geek/docker/laravel/myCompany/app/resources/lang/en/passwords.php
Parsing file:///home/geek/docker/laravel/myCompany/app/resources/lang/en/auth.php
Parsing file:///home/geek/docker/laravel/myCompany/app/storage/framework/views/da7432101693609302fe197f850e0b58def799a3.php
Parsing file:///home/geek/docker/laravel/myCompany/app/tests/CreatesApplication.php
Parsing file:///home/geek/docker/laravel/myCompany/app/tests/TestCase.php
Parsing file:///home/geek/docker/laravel/myCompany/app/tests/Unit/ExampleTest.php
Parsing file:///home/geek/docker/laravel/myCompany/app/tests/Feature/ExampleTest.php
Parsing file:///home/geek/docker/laravel/myCompany/app/database/migrations/2014_10_12_000000_create_users_table.php
Parsing file:///home/geek/docker/laravel/myCompany/app/database/migrations/2014_10_12_100000_create_password_resets_table.php
Parsing file:///home/geek/docker/laravel/myCompany/app/database/factories/UserFactory.php
Parsing file:///home/geek/docker/laravel/myCompany/app/database/seeds/DatabaseSeeder.php
Parsing file:///home/geek/docker/laravel/myCompany/app/routes/console.php
Parsing file:///home/geek/docker/laravel/myCompany/app/routes/channels.php
Parsing file:///home/geek/docker/laravel/myCompany/app/routes/web.php
Parsing file:///home/geek/docker/laravel/myCompany/app/routes/api.php
Parsing file:///home/geek/docker/laravel/myCompany/app/server.php
Parsing file:///home/geek/docker/laravel/myCompany/app/vendor/autoload.php
Parsing file:///home/geek/docker/laravel/myCompany/app/vendor/composer/autoload_files.php
Parsing file:///home/geek/docker/laravel/myCompany/app/vendor/composer/autoload_classmap.php
[Info  - 2:31:49 PM] Ignoring file file:///home/geek/docker/laravel/myCompany/app/vendor/composer/autoload_classmap.php because it exceeds size limit of 150000 bytes (417648)
Parsing file:///home/geek/docker/laravel/myCompany/app/vendor/composer/autoload_namespaces.php
Parsing file:///home/geek/docker/laravel/myCompany/app/vendor/composer/autoload_real.php
Parsing file:///home/geek/docker/laravel/myCompany/app/vendor/composer/autoload_psr4.php
Parsing file:///home/geek/docker/laravel/myCompany/app/vendor/composer/ClassLoader.php
Parsing file:///home/geek/docker/laravel/myCompany/app/vendor/composer/autoload_static.php
[Info  - 2:31:50 PM] Ignoring file file:///home/geek/docker/laravel/myCompany/app/vendor/composer/autoload_static.php because it exceeds size limit of 150000 bytes (459060)
[Info  - 2:31:50 PM] Indexing project for dynamic references
Parsing file:///home/geek/docker/laravel/myCompany/app/config/session.php
Parsing file:///home/geek/docker/laravel/myCompany/app/config/app.php
Parsing file:///home/geek/docker/laravel/myCompany/app/config/services.php
Parsing file:///home/geek/docker/laravel/myCompany/app/config/cache.php
Parsing file:///home/geek/docker/laravel/myCompany/app/config/mail.php
Parsing file:///home/geek/docker/laravel/myCompany/app/config/filesystems.php
Parsing file:///home/geek/docker/laravel/myCompany/app/config/queue.php
Parsing file:///home/geek/docker/laravel/myCompany/app/config/view.php
Parsing file:///home/geek/docker/laravel/myCompany/app/config/broadcasting.php
Parsing file:///home/geek/docker/laravel/myCompany/app/config/auth.php
Parsing file:///home/geek/docker/laravel/myCompany/app/config/database.php
Parsing file:///home/geek/docker/laravel/myCompany/app/app/Http/Middleware/EncryptCookies.php
Parsing file:///home/geek/docker/laravel/myCompany/app/app/Http/Middleware/TrustProxies.php
Parsing file:///home/geek/docker/laravel/myCompany/app/app/Http/Middleware/TrimStrings.php
Parsing file:///home/geek/docker/laravel/myCompany/app/app/Http/Middleware/VerifyCsrfToken.php
Parsing file:///home/geek/docker/laravel/myCompany/app/app/Http/Middleware/RedirectIfAuthenticated.php
Parsing file:///home/geek/docker/laravel/myCompany/app/app/Http/Controllers/HomeController.php
Parsing file:///home/geek/docker/laravel/myCompany/app/app/Http/Controllers/Controller.php
Parsing file:///home/geek/docker/laravel/myCompany/app/app/Http/Controllers/Auth/RegisterController.php
Parsing file:///home/geek/docker/laravel/myCompany/app/app/Http/Controllers/Auth/LoginController.php
Parsing file:///home/geek/docker/laravel/myCompany/app/app/Http/Controllers/Auth/ForgotPasswordController.php
Parsing file:///home/geek/docker/laravel/myCompany/app/app/Http/Controllers/Auth/ResetPasswordController.php
Parsing file:///home/geek/docker/laravel/myCompany/app/app/Http/Kernel.php
Parsing file:///home/geek/docker/laravel/myCompany/app/app/Exceptions/Handler.php
Parsing file:///home/geek/docker/laravel/myCompany/app/app/Console/Kernel.php
Parsing file:///home/geek/docker/laravel/myCompany/app/app/User.php
Parsing file:///home/geek/docker/laravel/myCompany/app/app/Providers/BroadcastServiceProvider.php
Parsing file:///home/geek/docker/laravel/myCompany/app/app/Providers/AppServiceProvider.php
Parsing file:///home/geek/docker/laravel/myCompany/app/app/Providers/EventServiceProvider.php
Parsing file:///home/geek/docker/laravel/myCompany/app/app/Providers/AuthServiceProvider.php
Parsing file:///home/geek/docker/laravel/myCompany/app/app/Providers/RouteServiceProvider.php
Parsing file:///home/geek/docker/laravel/myCompany/app/bootstrap/app.php
Parsing file:///home/geek/docker/laravel/myCompany/app/bootstrap/cache/packages.php
Parsing file:///home/geek/docker/laravel/myCompany/app/bootstrap/cache/services.php
Parsing file:///home/geek/docker/laravel/myCompany/app/public/index.php
Parsing file:///home/geek/docker/laravel/myCompany/app/resources/views/home.blade.php
Parsing file:///home/geek/docker/laravel/myCompany/app/resources/views/auth/login.blade.php
Parsing file:///home/geek/docker/laravel/myCompany/app/resources/views/auth/passwords/reset.blade.php
Parsing file:///home/geek/docker/laravel/myCompany/app/resources/views/auth/passwords/email.blade.php
Parsing file:///home/geek/docker/laravel/myCompany/app/resources/views/auth/register.blade.php
Parsing file:///home/geek/docker/laravel/myCompany/app/resources/views/welcome.blade.php
Parsing file:///home/geek/docker/laravel/myCompany/app/resources/views/layouts/app.blade.php
Parsing file:///home/geek/docker/laravel/myCompany/app/resources/lang/en/pagination.php
Parsing file:///home/geek/docker/laravel/myCompany/app/resources/lang/en/validation.php
Parsing file:///home/geek/docker/laravel/myCompany/app/resources/lang/en/passwords.php
Parsing file:///home/geek/docker/laravel/myCompany/app/resources/lang/en/auth.php
Parsing file:///home/geek/docker/laravel/myCompany/app/storage/framework/views/da7432101693609302fe197f850e0b58def799a3.php
Parsing file:///home/geek/docker/laravel/myCompany/app/tests/CreatesApplication.php
Parsing file:///home/geek/docker/laravel/myCompany/app/tests/TestCase.php
Parsing file:///home/geek/docker/laravel/myCompany/app/tests/Unit/ExampleTest.php
Parsing file:///home/geek/docker/laravel/myCompany/app/tests/Feature/ExampleTest.php
Parsing file:///home/geek/docker/laravel/myCompany/app/database/migrations/2014_10_12_000000_create_users_table.php
Parsing file:///home/geek/docker/laravel/myCompany/app/database/migrations/2014_10_12_100000_create_password_resets_table.php
Parsing file:///home/geek/docker/laravel/myCompany/app/database/factories/UserFactory.php
Parsing file:///home/geek/docker/laravel/myCompany/app/database/seeds/DatabaseSeeder.php
Parsing file:///home/geek/docker/laravel/myCompany/app/routes/console.php
Parsing file:///home/geek/docker/laravel/myCompany/app/routes/channels.php
Parsing file:///home/geek/docker/laravel/myCompany/app/routes/web.php
Parsing file:///home/geek/docker/laravel/myCompany/app/routes/api.php
Parsing file:///home/geek/docker/laravel/myCompany/app/server.php
Parsing file:///home/geek/docker/laravel/myCompany/app/vendor/autoload.php
Parsing file:///home/geek/docker/laravel/myCompany/app/vendor/composer/autoload_files.php
Parsing file:///home/geek/docker/laravel/myCompany/app/vendor/composer/autoload_classmap.php
[Info  - 2:31:50 PM] Ignoring file file:///home/geek/docker/laravel/myCompany/app/vendor/composer/autoload_classmap.php because it exceeds size limit of 150000 bytes (417648)
Parsing file:///home/geek/docker/laravel/myCompany/app/vendor/composer/autoload_namespaces.php
Parsing file:///home/geek/docker/laravel/myCompany/app/vendor/composer/autoload_real.php
Parsing file:///home/geek/docker/laravel/myCompany/app/vendor/composer/autoload_psr4.php
Parsing file:///home/geek/docker/laravel/myCompany/app/vendor/composer/ClassLoader.php
Parsing file:///home/geek/docker/laravel/myCompany/app/vendor/composer/autoload_static.php
[Info  - 2:31:50 PM] Ignoring file file:///home/geek/docker/laravel/myCompany/app/vendor/composer/autoload_static.php because it exceeds size limit of 150000 bytes (459060)
[Info  - 2:31:50 PM] 72 Packages
[Info  - 2:31:50 PM] Restored league/flysystem:1.0.49 from cache
[Info  - 2:31:50 PM] Restored egulias/email-validator:2.1.7 from cache
[Info  - 2:31:50 PM] Restored erusev/parsedown:1.7.1 from cache
[Info  - 2:31:51 PM] Restored dnoegel/php-xdg-base-dir:0.1 from cache
[Info  - 2:31:51 PM] Restored fzaninotto/faker:1.8.0 from cache
[Info  - 2:31:51 PM] Restored nikic/php-parser:4.1.0 from cache
[Info  - 2:31:51 PM] Restored psy/psysh:0.9.9 from cache
[Info  - 2:31:51 PM] Restored hamcrest/hamcrest-php:2.0.0 from cache
[Info  - 2:31:51 PM] Restored nesbot/carbon:1.36.1 from cache
[Info  - 2:31:51 PM] Restored vlucas/phpdotenv:2.5.1 from cache
[Info  - 2:31:51 PM] Restored filp/whoops:2.3.1 from cache
[Info  - 2:31:51 PM] Restored theseer/tokenizer:1.1.0 from cache
[Info  - 2:31:51 PM] Restored swiftmailer/swiftmailer:6.1.3 from cache
[Info  - 2:31:52 PM] Restored mtdowling/cron-expression:1.2.1 from cache
[Info  - 2:31:52 PM] Restored mockery/mockery:1.2.0 from cache
[Info  - 2:31:52 PM] Restored laravel/tinker:1.0.8 from cache
[Info  - 2:31:52 PM] Restored laravel/framework:5.5.44 from cache
[Info  - 2:31:52 PM] Restored fideloper/proxy:3.3.4 from cache
[Info  - 2:31:52 PM] Restored tijsverkoyen/css-to-inline-styles:2.2.1 from cache
[Info  - 2:31:52 PM] Restored psr/simple-cache:1.0.1 from cache
[Info  - 2:31:52 PM] Restored psr/container:1.0.0 from cache
[Info  - 2:31:52 PM] Restored psr/log:1.1.0 from cache
[Info  - 2:31:52 PM] Restored paragonie/random_compat:9.99.99 from cache
[Info  - 2:31:52 PM] Restored phpspec/prophecy:1.8.0 from cache
[Info  - 2:31:52 PM] Restored doctrine/lexer:1.0.1 from cache
[Info  - 2:31:53 PM] Restored doctrine/inflector:1.3.0 from cache
[Info  - 2:31:53 PM] Restored doctrine/instantiator:1.1.0 from cache
[Info  - 2:31:53 PM] Restored jakub-onderka/php-console-color:0.2 from cache
[Info  - 2:31:53 PM] Restored jakub-onderka/php-console-highlighter:0.4 from cache
[Info  - 2:31:53 PM] Restored monolog/monolog:1.24.0 from cache
[Info  - 2:31:53 PM] Restored phpdocumentor/reflection-docblock:4.3.0 from cache
[Info  - 2:31:53 PM] Restored phpdocumentor/type-resolver:0.4.0 from cache
[Info  - 2:31:53 PM] Restored phpdocumentor/reflection-common:1.0.1 from cache
[Info  - 2:31:53 PM] Restored symfony/finder:3.4.20 from cache
[Info  - 2:31:53 PM] Restored symfony/routing:3.4.20 from cache
[Info  - 2:31:54 PM] Restored symfony/console:3.4.20 from cache
[Info  - 2:31:54 PM] Restored symfony/process:3.4.20 from cache
[Info  - 2:31:54 PM] Restored symfony/polyfill-mbstring:1.10.0 from cache
[Info  - 2:31:54 PM] Restored symfony/contracts:1.0.2 from cache
[Info  - 2:31:54 PM] Restored symfony/http-foundation:3.4.20 from cache
[Info  - 2:31:54 PM] Restored symfony/polyfill-ctype:1.10.0 from cache
[Info  - 2:31:54 PM] Restored symfony/thanks:1.1.0 from cache
[Info  - 2:31:54 PM] Restored symfony/event-dispatcher:4.2.1 from cache
[Info  - 2:31:54 PM] Restored symfony/polyfill-php70:1.10.0 from cache
[Info  - 2:31:55 PM] Restored symfony/debug:3.4.20 from cache
[Info  - 2:31:55 PM] Restored symfony/var-dumper:3.4.20 from cache
[Info  - 2:31:58 PM] Restored symfony/translation:4.2.1 from cache
[Info  - 2:31:58 PM] Restored symfony/http-kernel:3.4.20 from cache
[Info  - 2:31:58 PM] Restored symfony/css-selector:4.2.1 from cache
[Info  - 2:32:00 PM] Restored ramsey/uuid:3.8.0 from cache
[Info  - 2:32:00 PM] Restored phpunit/php-code-coverage:5.3.2 from cache
[Info  - 2:32:00 PM] Restored phpunit/php-timer:1.0.9 from cache
[Info  - 2:32:01 PM] Restored phpunit/php-text-template:1.2.1 from cache
[Info  - 2:32:01 PM] Restored phpunit/php-token-stream:2.0.2 from cache
[Info  - 2:32:06 PM] Restored phpunit/php-file-iterator:1.4.5 from cache
[Info  - 2:32:06 PM] Restored phpunit/phpunit:6.5.13 from cache
[Info  - 2:32:06 PM] Restored phpunit/phpunit-mock-objects:5.0.10 from cache
[Info  - 2:32:06 PM] Restored sebastian/code-unit-reverse-lookup:1.0.1 from cache
[Info  - 2:32:06 PM] Restored sebastian/resource-operations:1.0.0 from cache
[Info  - 2:32:06 PM] Restored sebastian/diff:2.0.1 from cache
[Info  - 2:32:06 PM] Restored sebastian/exporter:3.1.0 from cache
[Info  - 2:32:06 PM] Restored sebastian/recursion-context:3.0.0 from cache
[Info  - 2:32:07 PM] Restored sebastian/version:2.0.1 from cache
[Info  - 2:32:07 PM] Restored sebastian/environment:3.1.0 from cache
[Info  - 2:32:07 PM] Restored sebastian/comparator:2.1.3 from cache
[Info  - 2:32:07 PM] Restored sebastian/global-state:2.0.0 from cache
[Info  - 2:32:07 PM] Restored sebastian/object-enumerator:3.0.3 from cache
[Info  - 2:32:07 PM] Restored sebastian/object-reflector:1.1.1 from cache
[Info  - 2:32:08 PM] Restored phar-io/version:1.0.1 from cache
[Info  - 2:32:08 PM] Restored phar-io/manifest:1.0.1 from cache
[Info  - 2:32:08 PM] Restored webmozart/assert:1.3.0 from cache
[Info  - 2:32:08 PM] Restored myclabs/deep-copy:1.8.1 from cache
[Info  - 2:32:08 PM] All 5125 PHP files parsed in 18 seconds. 398 MiB allocated.
